<?xml version="1.0" encoding="UTF-8"?>
<!-- Generated by org.testng.reporters.JUnitXMLReporter -->
<testsuite ignored="0" hostname="LAPTOP-RIO3G63B" failures="1" tests="1" name="BankingApp Test" time="5.08" errors="0" timestamp="2024-09-18T16:59:54 WAT">
  <testcase classname="com.ebanking.testCases.TC_LoginTest_001" name="LoginTest" time="1.075">
    <failure type="junit.framework.AssertionFailedError">
      <![CDATA[junit.framework.AssertionFailedError
at junit.framework.Assert.fail(Assert.java:47)
at junit.framework.Assert.assertTrue(Assert.java:20)
at junit.framework.Assert.assertTrue(Assert.java:27)
at com.ebanking.testCases.TC_LoginTest_001.LoginTest(TC_LoginTest_001.java:47)
at java.base/java.util.ArrayList.forEach(ArrayList.java:1596)
... Removed 25 stack frames]]>
    </failure>
  </testcase> <!-- LoginTest -->
</testsuite> <!-- BankingApp Test -->
