<?xml version="1.0" encoding="UTF-8"?>
<testng-results ignored="0" total="1" passed="1" failed="0" skipped="0">
  <reporter-output>
  </reporter-output>
  <suite started-at="2024-09-18T16:26:10 WAT" name="e-bankingv1" finished-at="2024-09-18T16:26:16 WAT" duration-ms="5957">
    <groups>
    </groups>
    <test started-at="2024-09-18T16:26:10 WAT" name="BankingApp Test" finished-at="2024-09-18T16:26:16 WAT" duration-ms="5957">
      <class name="com.ebanking.testCases.TC_LoginTest_001">
        <test-method is-config="true" signature="setup(java.lang.String)[pri:0, instance:com.ebanking.testCases.TC_LoginTest_001@5c80cf32]" started-at="2024-09-18T16:26:10 WAT" name="setup" finished-at="2024-09-18T16:26:14 WAT" duration-ms="4405" status="PASS">
          <params>
            <param index="0">
              <value>
                <![CDATA[chrome]]>
              </value>
            </param>
          </params>
          <reporter-output>
          </reporter-output>
        </test-method> <!-- setup -->
        <test-method signature="LoginTest()[pri:0, instance:com.ebanking.testCases.TC_LoginTest_001@5c80cf32]" started-at="2024-09-18T16:26:14 WAT" name="LoginTest" finished-at="2024-09-18T16:26:16 WAT" duration-ms="1383" status="PASS">
          <reporter-output>
          </reporter-output>
        </test-method> <!-- LoginTest -->
        <test-method is-config="true" signature="tearDown()[pri:0, instance:com.ebanking.testCases.TC_LoginTest_001@5c80cf32]" started-at="2024-09-18T16:26:16 WAT" name="tearDown" finished-at="2024-09-18T16:26:16 WAT" duration-ms="1" status="PASS">
          <reporter-output>
          </reporter-output>
        </test-method> <!-- tearDown -->
      </class> <!-- com.ebanking.testCases.TC_LoginTest_001 -->
    </test> <!-- BankingApp Test -->
  </suite> <!-- e-bankingv1 -->
</testng-results>
